[I 220203 19:27:01 main:30] Base folder: /home/pi/astropi/astropi
[I 220203 19:27:02 main:50] Function: create_csv
[I 220203 19:27:05 main:108] Function: get_day_night
[I 220203 19:27:05 main:95] Function: get_iss_position
[I 220203 19:27:05 main:118] Function: get_cloud_percent
[I 220203 19:27:05 main:77] Function: add_results_to_csv
[I 220203 19:27:05 main:148] Main loop counter: 1
[I 220203 19:27:13 main:108] Function: get_day_night
[I 220203 19:27:13 main:95] Function: get_iss_position
[I 220203 19:27:13 main:118] Function: get_cloud_percent
[I 220203 19:27:13 main:77] Function: add_results_to_csv
[I 220203 19:27:13 main:148] Main loop counter: 2
[I 220203 19:27:22 main:108] Function: get_day_night
[I 220203 19:27:22 main:95] Function: get_iss_position
[I 220203 19:27:22 main:118] Function: get_cloud_percent
[I 220203 19:27:22 main:77] Function: add_results_to_csv
[I 220203 19:27:22 main:148] Main loop counter: 3
[I 220203 19:27:31 main:108] Function: get_day_night
[I 220203 19:27:31 main:95] Function: get_iss_position
[I 220203 19:27:31 main:118] Function: get_cloud_percent
[I 220203 19:27:31 main:77] Function: add_results_to_csv
[I 220203 19:27:31 main:148] Main loop counter: 4
[I 220203 19:27:39 main:108] Function: get_day_night
[I 220203 19:27:39 main:95] Function: get_iss_position
[I 220203 19:27:39 main:118] Function: get_cloud_percent
[I 220203 19:27:39 main:77] Function: add_results_to_csv
[I 220203 19:27:39 main:148] Main loop counter: 5
[I 220203 19:27:48 main:108] Function: get_day_night
[I 220203 19:27:48 main:95] Function: get_iss_position
[I 220203 19:27:48 main:118] Function: get_cloud_percent
[I 220203 19:27:48 main:77] Function: add_results_to_csv
[I 220203 19:27:48 main:148] Main loop counter: 6
[I 220203 19:27:57 main:108] Function: get_day_night
[I 220203 19:27:57 main:95] Function: get_iss_position
[I 220203 19:27:57 main:118] Function: get_cloud_percent
[I 220203 19:27:57 main:77] Function: add_results_to_csv
[I 220203 19:27:57 main:148] Main loop counter: 7
[I 220203 19:28:05 main:108] Function: get_day_night
[I 220203 19:28:05 main:95] Function: get_iss_position
[I 220203 19:28:05 main:118] Function: get_cloud_percent
[I 220203 19:28:05 main:77] Function: add_results_to_csv
[I 220203 19:28:05 main:148] Main loop counter: 8
[I 220203 19:28:14 main:108] Function: get_day_night
[I 220203 19:28:14 main:95] Function: get_iss_position
[I 220203 19:28:14 main:118] Function: get_cloud_percent
[I 220203 19:28:14 main:77] Function: add_results_to_csv
[I 220203 19:28:14 main:148] Main loop counter: 9
[I 220203 19:28:23 main:108] Function: get_day_night
[I 220203 19:28:23 main:95] Function: get_iss_position
[I 220203 19:28:23 main:118] Function: get_cloud_percent
[I 220203 19:28:23 main:77] Function: add_results_to_csv
[I 220203 19:28:23 main:148] Main loop counter: 10
[I 220203 19:28:32 main:108] Function: get_day_night
[I 220203 19:28:32 main:95] Function: get_iss_position
[I 220203 19:28:32 main:118] Function: get_cloud_percent
[I 220203 19:28:32 main:77] Function: add_results_to_csv
[I 220203 19:28:32 main:148] Main loop counter: 11
[I 220203 19:28:40 main:108] Function: get_day_night
[I 220203 19:28:40 main:95] Function: get_iss_position
[I 220203 19:28:40 main:118] Function: get_cloud_percent
[I 220203 19:28:40 main:77] Function: add_results_to_csv
[I 220203 19:28:40 main:148] Main loop counter: 12
